The target system is: Android - 16 - i686
The host system is: Linux - 4.8.0-37-generic - x86_64
Determining if the C compiler works passed with the following output:
Change Dir: /home/rocco/Documents/CI 102/team85-drexel-17/SocialHour/app/.externalNativeBuild/cmake/debug/x86/CMakeFiles/CMakeTmp

Run Build Command:"/home/rocco/Android/Sdk/cmake/3.6.3155560/bin/ninja" "cmTC_10f9d"
[1/2] Building C object CMakeFiles/cmTC_10f9d.dir/testCCompiler.c.o
[2/2] Linking C executable cmTC_10f9d


Detecting C compiler ABI info compiled with the following output:
Change Dir: /home/rocco/Documents/CI 102/team85-drexel-17/SocialHour/app/.externalNativeBuild/cmake/debug/x86/CMakeFiles/CMakeTmp

Run Build Command:"/home/rocco/Android/Sdk/cmake/3.6.3155560/bin/ninja" "cmTC_6b062"
[1/2] Building C object CMakeFiles/cmTC_6b062.dir/CMakeCCompilerABI.c.o
[2/2] Linking C executable cmTC_6b062
Android clang version 3.8.256229  (based on LLVM 3.8.256229)
Target: i686-none-linux-android
Thread model: posix
InstalledDir: /home/rocco/Android/Sdk/ndk-bundle/toolchains/llvm/prebuilt/linux-x86_64/bin
Found candidate GCC installation: /home/rocco/Android/Sdk/ndk-bundle/toolchains/x86-4.9/prebuilt/linux-x86_64/lib/gcc/i686-linux-android/4.9.x
Selected GCC installation: /home/rocco/Android/Sdk/ndk-bundle/toolchains/x86-4.9/prebuilt/linux-x86_64/lib/gcc/i686-linux-android/4.9.x
Candidate multilib: .;@m32
Selected multilib: .;@m32
 "/home/rocco/Android/Sdk/ndk-bundle/toolchains/x86-4.9/prebuilt/linux-x86_64/lib/gcc/i686-linux-android/4.9.x/../../../../i686-linux-android/bin/ld" --sysroot=/home/rocco/Android/Sdk/ndk-bundle/platforms/android-16/arch-x86 -pie --eh-frame-hdr -m elf_i386 -dynamic-linker /system/bin/linker -o cmTC_6b062 /home/rocco/Android/Sdk/ndk-bundle/platforms/android-16/arch-x86/usr/lib/crtbegin_dynamic.o -L/home/rocco/Android/Sdk/ndk-bundle/toolchains/x86-4.9/prebuilt/linux-x86_64/lib/gcc/i686-linux-android/4.9.x -L/home/rocco/Android/Sdk/ndk-bundle/toolchains/x86-4.9/prebuilt/linux-x86_64/lib/gcc/i686-linux-android/4.9.x/../../../../i686-linux-android/lib -L/home/rocco/Android/Sdk/ndk-bundle/platforms/android-16/arch-x86/usr/lib --build-id --warn-shared-textrel --fatal-warnings --no-undefined -z noexecstack -z relro -z now --gc-sections -z nocopyreloc --build-id --warn-shared-textrel --fatal-warnings --no-undefined -z noexecstack -z relro -z now --gc-sections -z nocopyreloc CMakeFiles/cmTC_6b062.dir/CMakeCCompilerABI.c.o -lgcc -ldl -lc -lgcc -ldl /home/rocco/Android/Sdk/ndk-bundle/platforms/android-16/arch-x86/usr/lib/crtend_android.o


Parsed C implicit link information from above output:
  link line regex: [^( *|.*[/\])(i686-linux-android-ld|([^/\]+-)?ld|collect2)[^/\]*( |$)]
  ignore line: [Change Dir: /home/rocco/Documents/CI 102/team85-drexel-17/SocialHour/app/.externalNativeBuild/cmake/debug/x86/CMakeFiles/CMakeTmp]
  ignore line: []
  ignore line: [Run Build Command:"/home/rocco/Android/Sdk/cmake/3.6.3155560/bin/ninja" "cmTC_6b062"]
  ignore line: [[1/2] Building C object CMakeFiles/cmTC_6b062.dir/CMakeCCompilerABI.c.o]
  ignore line: [[2/2] Linking C executable cmTC_6b062]
  ignore line: [Android clang version 3.8.256229  (based on LLVM 3.8.256229)]
  ignore line: [Target: i686-none-linux-android]
  ignore line: [Thread model: posix]
  ignore line: [InstalledDir: /home/rocco/Android/Sdk/ndk-bundle/toolchains/llvm/prebuilt/linux-x86_64/bin]
  ignore line: [Found candidate GCC installation: /home/rocco/Android/Sdk/ndk-bundle/toolchains/x86-4.9/prebuilt/linux-x86_64/lib/gcc/i686-linux-android/4.9.x]
  ignore line: [Selected GCC installation: /home/rocco/Android/Sdk/ndk-bundle/toolchains/x86-4.9/prebuilt/linux-x86_64/lib/gcc/i686-linux-android/4.9.x]
  ignore line: [Candidate multilib: .]
  ignore line: [@m32]
  ignore line: [Selected multilib: .]
  ignore line: [@m32]
  link line: [ "/home/rocco/Android/Sdk/ndk-bundle/toolchains/x86-4.9/prebuilt/linux-x86_64/lib/gcc/i686-linux-android/4.9.x/../../../../i686-linux-android/bin/ld" --sysroot=/home/rocco/Android/Sdk/ndk-bundle/platforms/android-16/arch-x86 -pie --eh-frame-hdr -m elf_i386 -dynamic-linker /system/bin/linker -o cmTC_6b062 /home/rocco/Android/Sdk/ndk-bundle/platforms/android-16/arch-x86/usr/lib/crtbegin_dynamic.o -L/home/rocco/Android/Sdk/ndk-bundle/toolchains/x86-4.9/prebuilt/linux-x86_64/lib/gcc/i686-linux-android/4.9.x -L/home/rocco/Android/Sdk/ndk-bundle/toolchains/x86-4.9/prebuilt/linux-x86_64/lib/gcc/i686-linux-android/4.9.x/../../../../i686-linux-android/lib -L/home/rocco/Android/Sdk/ndk-bundle/platforms/android-16/arch-x86/usr/lib --build-id --warn-shared-textrel --fatal-warnings --no-undefined -z noexecstack -z relro -z now --gc-sections -z nocopyreloc --build-id --warn-shared-textrel --fatal-warnings --no-undefined -z noexecstack -z relro -z now --gc-sections -z nocopyreloc CMakeFiles/cmTC_6b062.dir/CMakeCCompilerABI.c.o -lgcc -ldl -lc -lgcc -ldl /home/rocco/Android/Sdk/ndk-bundle/platforms/android-16/arch-x86/usr/lib/crtend_android.o]
    arg [/home/rocco/Android/Sdk/ndk-bundle/toolchains/x86-4.9/prebuilt/linux-x86_64/lib/gcc/i686-linux-android/4.9.x/../../../../i686-linux-android/bin/ld] ==> ignore
    arg [--sysroot=/home/rocco/Android/Sdk/ndk-bundle/platforms/android-16/arch-x86] ==> ignore
    arg [-pie] ==> ignore
    arg [--eh-frame-hdr] ==> ignore
    arg [-m] ==> ignore
    arg [elf_i386] ==> ignore
    arg [-dynamic-linker] ==> ignore
    arg [/system/bin/linker] ==> ignore
    arg [-o] ==> ignore
    arg [cmTC_6b062] ==> ignore
    arg [/home/rocco/Android/Sdk/ndk-bundle/platforms/android-16/arch-x86/usr/lib/crtbegin_dynamic.o] ==> ignore
    arg [-L/home/rocco/Android/Sdk/ndk-bundle/toolchains/x86-4.9/prebuilt/linux-x86_64/lib/gcc/i686-linux-android/4.9.x] ==> dir [/home/rocco/Android/Sdk/ndk-bundle/toolchains/x86-4.9/prebuilt/linux-x86_64/lib/gcc/i686-linux-android/4.9.x]
    arg [-L/home/rocco/Android/Sdk/ndk-bundle/toolchains/x86-4.9/prebuilt/linux-x86_64/lib/gcc/i686-linux-android/4.9.x/../../../../i686-linux-android/lib] ==> dir [/home/rocco/Android/Sdk/ndk-bundle/toolchains/x86-4.9/prebuilt/linux-x86_64/lib/gcc/i686-linux-android/4.9.x/../../../../i686-linux-android/lib]
    arg [-L/home/rocco/Android/Sdk/ndk-bundle/platforms/android-16/arch-x86/usr/lib] ==> dir [/home/rocco/Android/Sdk/ndk-bundle/platforms/android-16/arch-x86/usr/lib]
    arg [--build-id] ==> ignore
    arg [--warn-shared-textrel] ==> ignore
    arg [--fatal-warnings] ==> ignore
    arg [--no-undefined] ==> ignore
    arg [-znoexecstack] ==> ignore
    arg [-zrelro] ==> ignore
    arg [-znow] ==> ignore
    arg [--gc-sections] ==> ignore
    arg [-znocopyreloc] ==> ignore
    arg [--build-id] ==> ignore
    arg [--warn-shared-textrel] ==> ignore
    arg [--fatal-warnings] ==> ignore
    arg [--no-undefined] ==> ignore
    arg [-znoexecstack] ==> ignore
    arg [-zrelro] ==> ignore
    arg [-znow] ==> ignore
    arg [--gc-sections] ==> ignore
    arg [-znocopyreloc] ==> ignore
    arg [CMakeFiles/cmTC_6b062.dir/CMakeCCompilerABI.c.o] ==> ignore
    arg [-lgcc] ==> lib [gcc]
    arg [-ldl] ==> lib [dl]
    arg [-lc] ==> lib [c]
    arg [-lgcc] ==> lib [gcc]
    arg [-ldl] ==> lib [dl]
    arg [/home/rocco/Android/Sdk/ndk-bundle/platforms/android-16/arch-x86/usr/lib/crtend_android.o] ==> ignore
  remove lib [gcc]
  remove lib [gcc]
  collapse library dir [/home/rocco/Android/Sdk/ndk-bundle/toolchains/x86-4.9/prebuilt/linux-x86_64/lib/gcc/i686-linux-android/4.9.x] ==> [/home/rocco/Android/Sdk/ndk-bundle/toolchains/x86-4.9/prebuilt/linux-x86_64/lib/gcc/i686-linux-android/4.9.x]
  collapse library dir [/home/rocco/Android/Sdk/ndk-bundle/toolchains/x86-4.9/prebuilt/linux-x86_64/lib/gcc/i686-linux-android/4.9.x/../../../../i686-linux-android/lib] ==> [/home/rocco/Android/Sdk/ndk-bundle/toolchains/x86-4.9/prebuilt/linux-x86_64/i686-linux-android/lib]
  collapse library dir [/home/rocco/Android/Sdk/ndk-bundle/platforms/android-16/arch-x86/usr/lib] ==> [/home/rocco/Android/Sdk/ndk-bundle/platforms/android-16/arch-x86/usr/lib]
  implicit libs: [dl;c;dl]
  implicit dirs: [/home/rocco/Android/Sdk/ndk-bundle/toolchains/x86-4.9/prebuilt/linux-x86_64/lib/gcc/i686-linux-android/4.9.x;/home/rocco/Android/Sdk/ndk-bundle/toolchains/x86-4.9/prebuilt/linux-x86_64/i686-linux-android/lib;/home/rocco/Android/Sdk/ndk-bundle/platforms/android-16/arch-x86/usr/lib]
  implicit fwks: []


Determining if the CXX compiler works passed with the following output:
Change Dir: /home/rocco/Documents/CI 102/team85-drexel-17/SocialHour/app/.externalNativeBuild/cmake/debug/x86/CMakeFiles/CMakeTmp

Run Build Command:"/home/rocco/Android/Sdk/cmake/3.6.3155560/bin/ninja" "cmTC_3fb0b"
[1/2] Building CXX object CMakeFiles/cmTC_3fb0b.dir/testCXXCompiler.cxx.o
[2/2] Linking CXX executable cmTC_3fb0b


Detecting CXX compiler ABI info compiled with the following output:
Change Dir: /home/rocco/Documents/CI 102/team85-drexel-17/SocialHour/app/.externalNativeBuild/cmake/debug/x86/CMakeFiles/CMakeTmp

Run Build Command:"/home/rocco/Android/Sdk/cmake/3.6.3155560/bin/ninja" "cmTC_6df0c"
[1/2] Building CXX object CMakeFiles/cmTC_6df0c.dir/CMakeCXXCompilerABI.cpp.o
[2/2] Linking CXX executable cmTC_6df0c
Android clang version 3.8.256229  (based on LLVM 3.8.256229)
Target: i686-none-linux-android
Thread model: posix
InstalledDir: /home/rocco/Android/Sdk/ndk-bundle/toolchains/llvm/prebuilt/linux-x86_64/bin
Found candidate GCC installation: /home/rocco/Android/Sdk/ndk-bundle/toolchains/x86-4.9/prebuilt/linux-x86_64/lib/gcc/i686-linux-android/4.9.x
Selected GCC installation: /home/rocco/Android/Sdk/ndk-bundle/toolchains/x86-4.9/prebuilt/linux-x86_64/lib/gcc/i686-linux-android/4.9.x
Candidate multilib: .;@m32
Selected multilib: .;@m32
 "/home/rocco/Android/Sdk/ndk-bundle/toolchains/x86-4.9/prebuilt/linux-x86_64/lib/gcc/i686-linux-android/4.9.x/../../../../i686-linux-android/bin/ld" --sysroot=/home/rocco/Android/Sdk/ndk-bundle/platforms/android-16/arch-x86 -pie --eh-frame-hdr -m elf_i386 -dynamic-linker /system/bin/linker -o cmTC_6df0c /home/rocco/Android/Sdk/ndk-bundle/platforms/android-16/arch-x86/usr/lib/crtbegin_dynamic.o -L/home/rocco/Android/Sdk/ndk-bundle/toolchains/x86-4.9/prebuilt/linux-x86_64/lib/gcc/i686-linux-android/4.9.x -L/home/rocco/Android/Sdk/ndk-bundle/toolchains/x86-4.9/prebuilt/linux-x86_64/lib/gcc/i686-linux-android/4.9.x/../../../../i686-linux-android/lib -L/home/rocco/Android/Sdk/ndk-bundle/platforms/android-16/arch-x86/usr/lib --build-id --warn-shared-textrel --fatal-warnings --no-undefined -z noexecstack -z relro -z now --gc-sections -z nocopyreloc --build-id --warn-shared-textrel --fatal-warnings --no-undefined -z noexecstack -z relro -z now --gc-sections -z nocopyreloc CMakeFiles/cmTC_6df0c.dir/CMakeCXXCompilerABI.cpp.o -lstdc++ -lm -lgcc -lgcc -ldl -lc -lgcc -lgcc -ldl /home/rocco/Android/Sdk/ndk-bundle/platforms/android-16/arch-x86/usr/lib/crtend_android.o


Parsed CXX implicit link information from above output:
  link line regex: [^( *|.*[/\])(i686-linux-android-ld|([^/\]+-)?ld|collect2)[^/\]*( |$)]
  ignore line: [Change Dir: /home/rocco/Documents/CI 102/team85-drexel-17/SocialHour/app/.externalNativeBuild/cmake/debug/x86/CMakeFiles/CMakeTmp]
  ignore line: []
  ignore line: [Run Build Command:"/home/rocco/Android/Sdk/cmake/3.6.3155560/bin/ninja" "cmTC_6df0c"]
  ignore line: [[1/2] Building CXX object CMakeFiles/cmTC_6df0c.dir/CMakeCXXCompilerABI.cpp.o]
  ignore line: [[2/2] Linking CXX executable cmTC_6df0c]
  ignore line: [Android clang version 3.8.256229  (based on LLVM 3.8.256229)]
  ignore line: [Target: i686-none-linux-android]
  ignore line: [Thread model: posix]
  ignore line: [InstalledDir: /home/rocco/Android/Sdk/ndk-bundle/toolchains/llvm/prebuilt/linux-x86_64/bin]
  ignore line: [Found candidate GCC installation: /home/rocco/Android/Sdk/ndk-bundle/toolchains/x86-4.9/prebuilt/linux-x86_64/lib/gcc/i686-linux-android/4.9.x]
  ignore line: [Selected GCC installation: /home/rocco/Android/Sdk/ndk-bundle/toolchains/x86-4.9/prebuilt/linux-x86_64/lib/gcc/i686-linux-android/4.9.x]
  ignore line: [Candidate multilib: .]
  ignore line: [@m32]
  ignore line: [Selected multilib: .]
  ignore line: [@m32]
  link line: [ "/home/rocco/Android/Sdk/ndk-bundle/toolchains/x86-4.9/prebuilt/linux-x86_64/lib/gcc/i686-linux-android/4.9.x/../../../../i686-linux-android/bin/ld" --sysroot=/home/rocco/Android/Sdk/ndk-bundle/platforms/android-16/arch-x86 -pie --eh-frame-hdr -m elf_i386 -dynamic-linker /system/bin/linker -o cmTC_6df0c /home/rocco/Android/Sdk/ndk-bundle/platforms/android-16/arch-x86/usr/lib/crtbegin_dynamic.o -L/home/rocco/Android/Sdk/ndk-bundle/toolchains/x86-4.9/prebuilt/linux-x86_64/lib/gcc/i686-linux-android/4.9.x -L/home/rocco/Android/Sdk/ndk-bundle/toolchains/x86-4.9/prebuilt/linux-x86_64/lib/gcc/i686-linux-android/4.9.x/../../../../i686-linux-android/lib -L/home/rocco/Android/Sdk/ndk-bundle/platforms/android-16/arch-x86/usr/lib --build-id --warn-shared-textrel --fatal-warnings --no-undefined -z noexecstack -z relro -z now --gc-sections -z nocopyreloc --build-id --warn-shared-textrel --fatal-warnings --no-undefined -z noexecstack -z relro -z now --gc-sections -z nocopyreloc CMakeFiles/cmTC_6df0c.dir/CMakeCXXCompilerABI.cpp.o -lstdc++ -lm -lgcc -lgcc -ldl -lc -lgcc -lgcc -ldl /home/rocco/Android/Sdk/ndk-bundle/platforms/android-16/arch-x86/usr/lib/crtend_android.o]
    arg [/home/rocco/Android/Sdk/ndk-bundle/toolchains/x86-4.9/prebuilt/linux-x86_64/lib/gcc/i686-linux-android/4.9.x/../../../../i686-linux-android/bin/ld] ==> ignore
    arg [--sysroot=/home/rocco/Android/Sdk/ndk-bundle/platforms/android-16/arch-x86] ==> ignore
    arg [-pie] ==> ignore
    arg [--eh-frame-hdr] ==> ignore
    arg [-m] ==> ignore
    arg [elf_i386] ==> ignore
    arg [-dynamic-linker] ==> ignore
    arg [/system/bin/linker] ==> ignore
    arg [-o] ==> ignore
    arg [cmTC_6df0c] ==> ignore
    arg [/home/rocco/Android/Sdk/ndk-bundle/platforms/android-16/arch-x86/usr/lib/crtbegin_dynamic.o] ==> ignore
    arg [-L/home/rocco/Android/Sdk/ndk-bundle/toolchains/x86-4.9/prebuilt/linux-x86_64/lib/gcc/i686-linux-android/4.9.x] ==> dir [/home/rocco/Android/Sdk/ndk-bundle/toolchains/x86-4.9/prebuilt/linux-x86_64/lib/gcc/i686-linux-android/4.9.x]
    arg [-L/home/rocco/Android/Sdk/ndk-bundle/toolchains/x86-4.9/prebuilt/linux-x86_64/lib/gcc/i686-linux-android/4.9.x/../../../../i686-linux-android/lib] ==> dir [/home/rocco/Android/Sdk/ndk-bundle/toolchains/x86-4.9/prebuilt/linux-x86_64/lib/gcc/i686-linux-android/4.9.x/../../../../i686-linux-android/lib]
    arg [-L/home/rocco/Android/Sdk/ndk-bundle/platforms/android-16/arch-x86/usr/lib] ==> dir [/home/rocco/Android/Sdk/ndk-bundle/platforms/android-16/arch-x86/usr/lib]
    arg [--build-id] ==> ignore
    arg [--warn-shared-textrel] ==> ignore
    arg [--fatal-warnings] ==> ignore
    arg [--no-undefined] ==> ignore
    arg [-znoexecstack] ==> ignore
    arg [-zrelro] ==> ignore
    arg [-znow] ==> ignore
    arg [--gc-sections] ==> ignore
    arg [-znocopyreloc] ==> ignore
    arg [--build-id] ==> ignore
    arg [--warn-shared-textrel] ==> ignore
    arg [--fatal-warnings] ==> ignore
    arg [--no-undefined] ==> ignore
    arg [-znoexecstack] ==> ignore
    arg [-zrelro] ==> ignore
    arg [-znow] ==> ignore
    arg [--gc-sections] ==> ignore
    arg [-znocopyreloc] ==> ignore
    arg [CMakeFiles/cmTC_6df0c.dir/CMakeCXXCompilerABI.cpp.o] ==> ignore
    arg [-lstdc++] ==> lib [stdc++]
    arg [-lm] ==> lib [m]
    arg [-lgcc] ==> lib [gcc]
    arg [-lgcc] ==> lib [gcc]
    arg [-ldl] ==> lib [dl]
    arg [-lc] ==> lib [c]
    arg [-lgcc] ==> lib [gcc]
    arg [-lgcc] ==> lib [gcc]
    arg [-ldl] ==> lib [dl]
    arg [/home/rocco/Android/Sdk/ndk-bundle/platforms/android-16/arch-x86/usr/lib/crtend_android.o] ==> ignore
  remove lib [gcc]
  remove lib [gcc]
  remove lib [gcc]
  remove lib [gcc]
  collapse library dir [/home/rocco/Android/Sdk/ndk-bundle/toolchains/x86-4.9/prebuilt/linux-x86_64/lib/gcc/i686-linux-android/4.9.x] ==> [/home/rocco/Android/Sdk/ndk-bundle/toolchains/x86-4.9/prebuilt/linux-x86_64/lib/gcc/i686-linux-android/4.9.x]
  collapse library dir [/home/rocco/Android/Sdk/ndk-bundle/toolchains/x86-4.9/prebuilt/linux-x86_64/lib/gcc/i686-linux-android/4.9.x/../../../../i686-linux-android/lib] ==> [/home/rocco/Android/Sdk/ndk-bundle/toolchains/x86-4.9/prebuilt/linux-x86_64/i686-linux-android/lib]
  collapse library dir [/home/rocco/Android/Sdk/ndk-bundle/platforms/android-16/arch-x86/usr/lib] ==> [/home/rocco/Android/Sdk/ndk-bundle/platforms/android-16/arch-x86/usr/lib]
  implicit libs: [stdc++;m;dl;c;dl]
  implicit dirs: [/home/rocco/Android/Sdk/ndk-bundle/toolchains/x86-4.9/prebuilt/linux-x86_64/lib/gcc/i686-linux-android/4.9.x;/home/rocco/Android/Sdk/ndk-bundle/toolchains/x86-4.9/prebuilt/linux-x86_64/i686-linux-android/lib;/home/rocco/Android/Sdk/ndk-bundle/platforms/android-16/arch-x86/usr/lib]
  implicit fwks: []


